=== GENERATE LABELS DEBUG ===
Order ID: 97555
Raw parameters JSON: {"service":"1","labelFormat":"LBL_PRINTER","carryIn":"0","cud":"0","duty":"0","inPers":"0","rod":"0","selfCol":"0","privpers":"1","tiresService":"0","dec":"0","schemaProductDescription":"IAI: 97555, wfmag: WF1231","schemaNotice":"IAI: 97555, wfmag: WF1231"}
Decoded parameters: Array
(
    [service] => 1
    [labelFormat] => LBL_PRINTER
    [carryIn] => 0
    [cud] => 0
    [duty] => 0
    [inPers] => 0
    [rod] => 0
    [selfCol] => 0
    [privpers] => 1
    [tiresService] => 0
    [dec] => 0
    [schemaProductDescription] => IAI: 97555, wfmag: WF1231
    [schemaNotice] => IAI: 97555, wfmag: WF1231
)

Time: 2025-09-19 12:52:30

=== GENERATE LABELS DEBUG ===
Order ID: 97555
Raw parameters JSON: {"service":"1","labelFormat":"LBL_PRINTER","carryIn":"0","cud":"0","duty":"0","inPers":"0","rod":"0","selfCol":"0","privpers":"1","tiresService":"0","dec":"0","schemaProductDescription":"[iai:order_sn]","schemaNotice":"[iai:delivery_notice]"}
Decoded parameters: Array
(
    [service] => 1
    [labelFormat] => LBL_PRINTER
    [carryIn] => 0
    [cud] => 0
    [duty] => 0
    [inPers] => 0
    [rod] => 0
    [selfCol] => 0
    [privpers] => 1
    [tiresService] => 0
    [dec] => 0
    [schemaProductDescription] => [iai:order_sn]
    [schemaNotice] => [iai:delivery_notice]
)

Time: 2025-09-19 12:55:49

=== GENERATE LABELS DEBUG ===
Order ID: 97555
Raw parameters JSON: {}
Decoded parameters: Array
(
)

Time: 2025-09-19 13:01:04

=== GENERATE LABELS DEBUG ===
Order ID: 97555
Raw parameters JSON: {}
Decoded parameters: Array
(
)

Time: 2025-09-19 13:02:10

=== GENERATE LABELS DEBUG ===
Order ID: 97555
Raw parameters JSON: {}
Decoded parameters: Array
(
)

Time: 2025-09-19 13:02:12

=== GENERATE LABELS DEBUG ===
Order ID: 97555
Raw parameters JSON: {}
Decoded parameters: Array
(
)

Time: 2025-09-19 13:02:19

=== GENERATE LABELS DEBUG ===
Order ID: 97555
Raw parameters JSON: {}
Decoded parameters: Array
(
)

Time: 2025-09-19 13:02:45

=== GENERATE LABELS DEBUG ===
Order ID: 97555
Raw parameters JSON: {}
Decoded parameters: Array
(
)

Time: 2025-09-19 13:03:14

=== GENERATE LABELS DEBUG ===
Order ID: 97555
Raw parameters JSON: {}
Decoded parameters: Array
(
)

Time: 2025-09-19 13:04:33

=== GENERATE LABELS DEBUG ===
Order ID: 97555
Raw parameters JSON: {}
Decoded parameters: Array
(
)

Time: 2025-09-19 13:05:15

=== GENERATE LABELS DEBUG ===
Order ID: 97555
Raw parameters JSON: {"schemaRef":"zam. [iai:order_sn]","schemaRef2":"[iai:delivery_notice]","schemaShipmentDescription":"","Height":"123","Width":"123","Length":"123","SMS":"yes","EMAIL":"no","W":"no","R":"no","Z":"no","ZNI":"no","ROD":"no","M":"no"}
Decoded parameters: Array
(
    [schemaRef] => zam. [iai:order_sn]
    [schemaRef2] => [iai:delivery_notice]
    [schemaShipmentDescription] => 
    [Height] => 123
    [Width] => 123
    [Length] => 123
    [SMS] => yes
    [EMAIL] => no
    [W] => no
    [R] => no
    [Z] => no
    [ZNI] => no
    [ROD] => no
    [M] => no
)

Time: 2025-09-19 13:05:56

=== GENERATE LABELS DEBUG ===
Order ID: 97555
Raw parameters JSON: {"service":"1","labelFormat":"LBL_PRINTER","carryIn":"0","cud":"0","duty":"0","inPers":"1","rod":"0","selfCol":"0","privpers":"0","tiresService":"0","dec":"0","schemaProductDescription":"[iai:order_sn]","schemaNotice":"[iai:delivery_notice]","schemaRef1":"","schemaRef2":"","schemaRef3":""}
Decoded parameters: Array
(
    [service] => 1
    [labelFormat] => LBL_PRINTER
    [carryIn] => 0
    [cud] => 0
    [duty] => 0
    [inPers] => 1
    [rod] => 0
    [selfCol] => 0
    [privpers] => 0
    [tiresService] => 0
    [dec] => 0
    [schemaProductDescription] => [iai:order_sn]
    [schemaNotice] => [iai:delivery_notice]
    [schemaRef1] => 
    [schemaRef2] => 
    [schemaRef3] => 
)

Time: 2025-09-23 21:31:56

=== GENERATE LABELS DEBUG ===
Order ID: 97555
Raw parameters JSON: {"service":"1","labelFormat":"LBL_PRINTER","carryIn":"0","cud":"0","duty":"0","inPers":"0","rod":"0","selfCol":"0","privpers":"1","tiresService":"0","dec":"0","schemaProductDescription":"IAI: 97555, wfmag: WF1231","schemaNotice":"IAI: 97555, wfmag: WF1231"}
Decoded parameters: Array
(
    [service] => 1
    [labelFormat] => LBL_PRINTER
    [carryIn] => 0
    [cud] => 0
    [duty] => 0
    [inPers] => 0
    [rod] => 0
    [selfCol] => 0
    [privpers] => 1
    [tiresService] => 0
    [dec] => 0
    [schemaProductDescription] => IAI: 97555, wfmag: WF1231
    [schemaNotice] => IAI: 97555, wfmag: WF1231
)

Time: 2025-09-24 11:54:12

=== GENERATE LABELS DEBUG ===
Order ID: 97555
Raw parameters JSON: {"service":"1","labelFormat":"LBL_PRINTER","carryIn":"0","cud":"0","duty":"0","inPers":"0","rod":"0","selfCol":"0","privpers":"1","tiresService":"0","dec":"0","schemaProductDescription":"IAI: 97555, wfmag: WF1231","schemaNotice":"IAI: 97555, wfmag: WF1231"}
Decoded parameters: Array
(
    [service] => 1
    [labelFormat] => LBL_PRINTER
    [carryIn] => 0
    [cud] => 0
    [duty] => 0
    [inPers] => 0
    [rod] => 0
    [selfCol] => 0
    [privpers] => 1
    [tiresService] => 0
    [dec] => 0
    [schemaProductDescription] => IAI: 97555, wfmag: WF1231
    [schemaNotice] => IAI: 97555, wfmag: WF1231
)

Time: 2025-09-24 11:59:26

=== GENERATE LABELS DEBUG ===
Order ID: 97555
Raw parameters JSON: {"schemaRef":"IAI: 97555, wfmag: WF1231","schemaRef2":"IAI: 97555, wfmag: WF1231","SMS":"yes","EMAIL":"no","W":"no","R":"no","Z":"no","ZNI":"no","ROD":"no","M":"no"}
Decoded parameters: Array
(
    [schemaRef] => IAI: 97555, wfmag: WF1231
    [schemaRef2] => IAI: 97555, wfmag: WF1231
    [SMS] => yes
    [EMAIL] => no
    [W] => no
    [R] => no
    [Z] => no
    [ZNI] => no
    [ROD] => no
    [M] => no
)

Time: 2025-09-24 12:00:41

=== GENERATE LABELS DEBUG ===
Order ID: 97555
Raw parameters JSON: {"schemaRef":"IAI: 97555, wfmag: WF1231","schemaRef2":"IAI: 97555, wfmag: WF1231","Height":"100","Width":"100","Length":"100","SMS":"yes","EMAIL":"no","W":"no","R":"no","Z":"no","ZNI":"no","ROD":"no","M":"no"}
Decoded parameters: Array
(
    [schemaRef] => IAI: 97555, wfmag: WF1231
    [schemaRef2] => IAI: 97555, wfmag: WF1231
    [Height] => 100
    [Width] => 100
    [Length] => 100
    [SMS] => yes
    [EMAIL] => no
    [W] => no
    [R] => no
    [Z] => no
    [ZNI] => no
    [ROD] => no
    [M] => no
)

Time: 2025-09-24 12:00:56

=== GENERATE LABELS DEBUG ===
Order ID: 97555
Raw parameters JSON: {"service":"1","labelFormat":"LBL_PRINTER","carryIn":"0","cud":"0","duty":"0","inPers":"0","rod":"0","selfCol":"0","privpers":"1","tiresService":"0","dec":"0","schemaProductDescription":"IAI: 97555, wfmag: WF1231","schemaNotice":"IAI: 97555, wfmag: WF1231"}
Decoded parameters: Array
(
    [service] => 1
    [labelFormat] => LBL_PRINTER
    [carryIn] => 0
    [cud] => 0
    [duty] => 0
    [inPers] => 0
    [rod] => 0
    [selfCol] => 0
    [privpers] => 1
    [tiresService] => 0
    [dec] => 0
    [schemaProductDescription] => IAI: 97555, wfmag: WF1231
    [schemaNotice] => IAI: 97555, wfmag: WF1231
)

Time: 2025-09-24 12:26:24

